2026-03-21 21:17:23 [INFO] ============================================================
2026-03-21 21:17:23 [INFO] GOLD SETUP — Criando schema no PostgreSQL
2026-03-21 21:17:23 [INFO] ============================================================
2026-03-21 21:17:23 [INFO] Conectado: pncp_db@localhost
2026-03-21 21:17:23 [INFO] OK: CREATE TABLE IF NOT EXISTS dim_tempo (
2026-03-21 21:17:23 [INFO] OK: CREATE TABLE IF NOT EXISTS dim_modalidades (
2026-03-21 21:17:23 [INFO] OK: CREATE TABLE IF NOT EXISTS dim_situacoes (
2026-03-21 21:17:23 [INFO] OK: CREATE TABLE IF NOT EXISTS dim_orgaos (
2026-03-21 21:17:23 [INFO] OK: CREATE TABLE IF NOT EXISTS dim_fornecedores (
2026-03-21 21:17:23 [INFO] OK: CREATE TABLE IF NOT EXISTS fato_contratos (
2026-03-21 21:17:23 [INFO] OK: CREATE INDEX IF NOT EXISTS idx_fato_data_assin  ON fato_contratos(data
2026-03-21 21:17:23 [INFO] OK: CREATE INDEX IF NOT EXISTS idx_fato_data_pub    ON fato_contratos(data
2026-03-21 21:17:23 [INFO] OK: CREATE INDEX IF NOT EXISTS idx_fato_orgao       ON fato_contratos(orga
2026-03-21 21:17:23 [INFO] OK: CREATE INDEX IF NOT EXISTS idx_fato_fornecedor  ON fato_contratos(cnpj
2026-03-21 21:17:23 [INFO] OK: CREATE INDEX IF NOT EXISTS idx_fato_modalidade  ON fato_contratos(id_m
2026-03-21 21:17:23 [INFO] OK: CREATE INDEX IF NOT EXISTS idx_fato_situacao    ON fato_contratos(id_s
2026-03-21 21:17:23 [INFO] OK: CREATE INDEX IF NOT EXISTS idx_fato_valor       ON fato_contratos(valo
2026-03-21 21:17:23 [INFO] OK: CREATE INDEX IF NOT EXISTS idx_fato_ano_mes     ON fato_contratos(ano_
2026-03-21 21:17:23 [INFO] Populando dim_tempo (2021–2030)...
2026-03-21 21:17:23 [INFO]   3,652 datas inseridas em dim_tempo.
2026-03-21 21:17:23 [INFO] ============================================================
2026-03-21 21:17:23 [INFO] Schema criado! Execute gold_load.py agora.
2026-03-21 21:17:23 [INFO] ============================================================
