2026-03-21 21:17:36 [INFO] ============================================================
2026-03-21 21:17:36 [INFO] GOLD LOAD — Silver → PostgreSQL
2026-03-21 21:17:36 [INFO] ============================================================
2026-03-21 21:17:36 [INFO] Arquivos encontrados: 55
2026-03-21 21:17:36 [INFO] Conectado: pncp_db@localhost
2026-03-21 21:17:36 [INFO]   Carregando contratos_2021_09.parquet (202109)...
2026-03-21 21:17:36 [INFO]     281 lidos → 281 após filtro de sanidade
2026-03-21 21:17:36 [INFO]     ✓ 281 registros inseridos
2026-03-21 21:17:36 [INFO]   Carregando contratos_2021_10.parquet (202110)...
2026-03-21 21:17:36 [INFO]     1,071 lidos → 1,071 após filtro de sanidade
2026-03-21 21:17:36 [INFO]     ✓ 1,071 registros inseridos
2026-03-21 21:17:36 [INFO]   Carregando contratos_2021_11.parquet (202111)...
2026-03-21 21:17:36 [INFO]     1,563 lidos → 1,563 após filtro de sanidade
2026-03-21 21:17:37 [INFO]     ✓ 1,563 registros inseridos
2026-03-21 21:17:37 [INFO]   Carregando contratos_2021_12.parquet (202112)...
2026-03-21 21:17:37 [INFO]     2,393 lidos → 2,393 após filtro de sanidade
2026-03-21 21:17:38 [INFO]     ✓ 2,393 registros inseridos
2026-03-21 21:17:38 [INFO]   Carregando contratos_2022_01.parquet (202201)...
2026-03-21 21:17:38 [INFO]     203 lidos → 203 após filtro de sanidade
2026-03-21 21:17:38 [INFO]     ✓ 203 registros inseridos
2026-03-21 21:17:38 [INFO]   Carregando contratos_2022_02.parquet (202202)...
2026-03-21 21:17:38 [INFO]     536 lidos → 536 após filtro de sanidade
2026-03-21 21:17:38 [INFO]     ✓ 536 registros inseridos
2026-03-21 21:17:38 [INFO]   Carregando contratos_2022_03.parquet (202203)...
2026-03-21 21:17:38 [INFO]     1,072 lidos → 1,072 após filtro de sanidade
2026-03-21 21:17:38 [INFO]     ✓ 1,072 registros inseridos
2026-03-21 21:17:38 [INFO]   Carregando contratos_2022_04.parquet (202204)...
2026-03-21 21:17:38 [INFO]     1,881 lidos → 1,881 após filtro de sanidade
2026-03-21 21:17:39 [INFO]     ✓ 1,881 registros inseridos
2026-03-21 21:17:39 [INFO]   Carregando contratos_2022_05.parquet (202205)...
2026-03-21 21:17:39 [INFO]     2,392 lidos → 2,392 após filtro de sanidade
2026-03-21 21:17:39 [INFO]     ✓ 2,392 registros inseridos
2026-03-21 21:17:39 [INFO]   Carregando contratos_2022_06.parquet (202206)...
2026-03-21 21:17:39 [INFO]     3,538 lidos → 3,538 após filtro de sanidade
2026-03-21 21:17:40 [INFO]     ✓ 3,538 registros inseridos
2026-03-21 21:17:40 [INFO]   Carregando contratos_2022_07.parquet (202207)...
2026-03-21 21:17:40 [INFO]     3,679 lidos → 3,679 após filtro de sanidade
2026-03-21 21:17:41 [INFO]     ✓ 3,679 registros inseridos
2026-03-21 21:17:41 [INFO]   Carregando contratos_2022_08.parquet (202208)...
2026-03-21 21:17:41 [INFO]     4,665 lidos → 4,665 após filtro de sanidade
2026-03-21 21:17:42 [INFO]     ✓ 4,665 registros inseridos
2026-03-21 21:17:42 [INFO]   Carregando contratos_2022_09.parquet (202209)...
2026-03-21 21:17:42 [INFO]     5,733 lidos → 5,733 após filtro de sanidade
2026-03-21 21:17:44 [INFO]     ✓ 5,733 registros inseridos
2026-03-21 21:17:44 [INFO]   Carregando contratos_2022_10.parquet (202210)...
2026-03-21 21:17:44 [INFO]     4,570 lidos → 4,570 após filtro de sanidade
2026-03-21 21:17:45 [INFO]     ✓ 4,570 registros inseridos
2026-03-21 21:17:45 [INFO]   Carregando contratos_2022_11.parquet (202211)...
2026-03-21 21:17:45 [INFO]     5,387 lidos → 5,387 após filtro de sanidade
2026-03-21 21:17:47 [INFO]     ✓ 5,387 registros inseridos
2026-03-21 21:17:47 [INFO]   Carregando contratos_2022_12.parquet (202212)...
2026-03-21 21:17:47 [INFO]     6,990 lidos → 6,990 após filtro de sanidade
2026-03-21 21:17:48 [INFO]     ✓ 6,990 registros inseridos
2026-03-21 21:17:48 [INFO]   Carregando contratos_2023_01.parquet (202301)...
2026-03-21 21:17:48 [INFO]     3,343 lidos → 3,343 após filtro de sanidade
2026-03-21 21:17:49 [INFO]     ✓ 3,343 registros inseridos
2026-03-21 21:17:49 [INFO]   Carregando contratos_2023_02.parquet (202302)...
2026-03-21 21:17:49 [INFO]     3,287 lidos → 3,287 após filtro de sanidade
2026-03-21 21:17:50 [INFO]     ✓ 3,287 registros inseridos
2026-03-21 21:17:50 [INFO]   Carregando contratos_2023_03.parquet (202303)...
2026-03-21 21:17:50 [INFO]     5,530 lidos → 5,530 após filtro de sanidade
2026-03-21 21:17:52 [INFO]     ✓ 5,530 registros inseridos
2026-03-21 21:17:52 [INFO]   Carregando contratos_2023_04.parquet (202304)...
2026-03-21 21:17:52 [INFO]     7,226 lidos → 7,226 após filtro de sanidade
2026-03-21 21:17:54 [INFO]     ✓ 7,226 registros inseridos
2026-03-21 21:17:54 [INFO]   Carregando contratos_2023_05.parquet (202305)...
2026-03-21 21:17:54 [INFO]     32,295 lidos → 32,295 após filtro de sanidade
2026-03-21 21:18:01 [INFO]     ✓ 32,295 registros inseridos
2026-03-21 21:18:01 [INFO]   Carregando contratos_2023_06.parquet (202306)...
2026-03-21 21:18:01 [INFO]     21,217 lidos → 21,217 após filtro de sanidade
2026-03-21 21:18:07 [INFO]     ✓ 21,217 registros inseridos
2026-03-21 21:18:07 [INFO]   Carregando contratos_2023_07.parquet (202307)...
2026-03-21 21:18:07 [INFO]     24,118 lidos → 24,118 após filtro de sanidade
2026-03-21 21:18:13 [INFO]     ✓ 24,118 registros inseridos
2026-03-21 21:18:13 [INFO]   Carregando contratos_2023_08.parquet (202308)...
2026-03-21 21:18:13 [INFO]     30,859 lidos → 30,859 após filtro de sanidade
2026-03-21 21:18:21 [INFO]     ✓ 30,859 registros inseridos
2026-03-21 21:18:21 [INFO]   Carregando contratos_2023_09.parquet (202309)...
2026-03-21 21:18:21 [INFO]     25,752 lidos → 25,752 após filtro de sanidade
2026-03-21 21:18:27 [INFO]     ✓ 25,752 registros inseridos
2026-03-21 21:18:27 [INFO]   Carregando contratos_2023_10.parquet (202310)...
2026-03-21 21:18:27 [INFO]     27,185 lidos → 27,185 após filtro de sanidade
2026-03-21 21:18:34 [INFO]     ✓ 27,185 registros inseridos
2026-03-21 21:18:34 [INFO]   Carregando contratos_2023_11.parquet (202311)...
2026-03-21 21:18:34 [INFO]     31,159 lidos → 31,159 após filtro de sanidade
2026-03-21 21:18:42 [INFO]     ✓ 31,159 registros inseridos
2026-03-21 21:18:42 [INFO]   Carregando contratos_2023_12.parquet (202312)...
2026-03-21 21:18:42 [INFO]     31,000 lidos → 31,000 após filtro de sanidade
2026-03-21 21:18:50 [INFO]     ✓ 31,000 registros inseridos
2026-03-21 21:18:50 [INFO]   Carregando contratos_2024_01.parquet (202401)...
2026-03-21 21:18:50 [INFO]     35,911 lidos → 35,911 após filtro de sanidade
2026-03-21 21:18:59 [INFO]     ✓ 35,911 registros inseridos
2026-03-21 21:18:59 [INFO]   Carregando contratos_2024_02.parquet (202402)...
2026-03-21 21:18:59 [INFO]     54,150 lidos → 54,150 após filtro de sanidade
2026-03-21 21:19:13 [INFO]     ✓ 54,150 registros inseridos
2026-03-21 21:19:13 [INFO]   Carregando contratos_2024_03.parquet (202403)...
2026-03-21 21:19:13 [INFO]     65,219 lidos → 65,219 após filtro de sanidade
2026-03-21 21:19:30 [INFO]     ✓ 65,219 registros inseridos
2026-03-21 21:19:30 [INFO]   Carregando contratos_2024_04.parquet (202404)...
2026-03-21 21:19:30 [INFO]     80,660 lidos → 80,660 após filtro de sanidade
2026-03-21 21:19:51 [INFO]     ✓ 80,660 registros inseridos
2026-03-21 21:19:51 [INFO]   Carregando contratos_2024_05.parquet (202405)...
2026-03-21 21:19:51 [INFO]     75,018 lidos → 75,018 após filtro de sanidade
2026-03-21 21:20:11 [INFO]     ✓ 75,018 registros inseridos
2026-03-21 21:20:11 [INFO]   Carregando contratos_2024_06.parquet (202406)...
2026-03-21 21:20:11 [INFO]     102,264 lidos → 102,264 após filtro de sanidade
2026-03-21 21:20:38 [INFO]     ✓ 102,264 registros inseridos
2026-03-21 21:20:38 [INFO]   Carregando contratos_2024_07.parquet (202407)...
2026-03-21 21:20:38 [INFO]     107,684 lidos → 107,684 após filtro de sanidade
2026-03-21 21:21:06 [INFO]     ✓ 107,684 registros inseridos
2026-03-21 21:21:06 [INFO]   Carregando contratos_2024_08.parquet (202408)...
2026-03-21 21:21:06 [INFO]     109,177 lidos → 109,177 após filtro de sanidade
2026-03-21 21:21:34 [INFO]     ✓ 109,177 registros inseridos
2026-03-21 21:21:34 [INFO]   Carregando contratos_2024_09.parquet (202409)...
2026-03-21 21:21:34 [INFO]     122,668 lidos → 122,668 após filtro de sanidade
2026-03-21 21:22:06 [INFO]     ✓ 122,668 registros inseridos
2026-03-21 21:22:06 [INFO]   Carregando contratos_2024_10.parquet (202410)...
2026-03-21 21:22:06 [INFO]     123,019 lidos → 123,019 após filtro de sanidade
2026-03-21 21:22:38 [INFO]     ✓ 123,019 registros inseridos
2026-03-21 21:22:38 [INFO]   Carregando contratos_2024_11.parquet (202411)...
2026-03-21 21:22:38 [INFO]     115,040 lidos → 115,040 após filtro de sanidade
2026-03-21 21:23:09 [INFO]     ✓ 115,040 registros inseridos
2026-03-21 21:23:09 [INFO]   Carregando contratos_2024_12.parquet (202412)...
2026-03-21 21:23:09 [INFO]     96,516 lidos → 96,516 após filtro de sanidade
2026-03-21 21:23:34 [INFO]     ✓ 96,516 registros inseridos
2026-03-21 21:23:34 [INFO]   Carregando contratos_2025_01.parquet (202501)...
2026-03-21 21:23:34 [INFO]     116,219 lidos → 116,219 após filtro de sanidade
2026-03-21 21:24:06 [INFO]     ✓ 116,219 registros inseridos
2026-03-21 21:24:06 [INFO]   Carregando contratos_2025_02.parquet (202502)...
2026-03-21 21:24:06 [INFO]     152,500 lidos → 152,500 após filtro de sanidade
2026-03-21 21:24:45 [INFO]     ✓ 152,500 registros inseridos
2026-03-21 21:24:45 [INFO]   Carregando contratos_2025_03.parquet (202503)...
2026-03-21 21:24:45 [INFO]     144,142 lidos → 144,142 após filtro de sanidade
2026-03-21 21:25:24 [INFO]     ✓ 144,142 registros inseridos
2026-03-21 21:25:24 [INFO]   Carregando contratos_2025_04.parquet (202504)...
2026-03-21 21:25:24 [INFO]     165,745 lidos → 165,745 após filtro de sanidade
2026-03-21 21:26:08 [INFO]     ✓ 165,745 registros inseridos
2026-03-21 21:26:08 [INFO]   Carregando contratos_2025_05.parquet (202505)...
2026-03-21 21:26:08 [INFO]     165,646 lidos → 165,646 após filtro de sanidade
2026-03-21 21:26:53 [INFO]     ✓ 165,646 registros inseridos
2026-03-21 21:26:53 [INFO]   Carregando contratos_2025_06.parquet (202506)...
2026-03-21 21:26:53 [INFO]     157,663 lidos → 157,663 após filtro de sanidade
2026-03-21 21:27:33 [INFO]     ✓ 157,663 registros inseridos
2026-03-21 21:27:33 [INFO]   Carregando contratos_2025_07.parquet (202507)...
2026-03-21 21:27:34 [INFO]     184,191 lidos → 184,191 após filtro de sanidade
2026-03-21 21:28:23 [INFO]     ✓ 184,191 registros inseridos
2026-03-21 21:28:23 [INFO]   Carregando contratos_2025_08.parquet (202508)...
2026-03-21 21:28:23 [INFO]     182,341 lidos → 182,341 após filtro de sanidade
2026-03-21 21:29:11 [INFO]     ✓ 182,341 registros inseridos
2026-03-21 21:29:11 [INFO]   Carregando contratos_2025_09.parquet (202509)...
2026-03-21 21:29:11 [INFO]     197,624 lidos → 197,624 após filtro de sanidade
2026-03-21 21:30:01 [INFO]     ✓ 197,624 registros inseridos
2026-03-21 21:30:01 [INFO]   Carregando contratos_2025_10.parquet (202510)...
2026-03-21 21:30:01 [INFO]     49,000 lidos → 49,000 após filtro de sanidade
2026-03-21 21:30:14 [INFO]     ✓ 49,000 registros inseridos
2026-03-21 21:30:14 [INFO]   Carregando contratos_2025_11.parquet (202511)...
2026-03-21 21:30:14 [INFO]     180,768 lidos → 180,768 após filtro de sanidade
2026-03-21 21:31:01 [INFO]     ✓ 180,768 registros inseridos
2026-03-21 21:31:01 [INFO]   Carregando contratos_2025_12.parquet (202512)...
2026-03-21 21:31:01 [INFO]     175,528 lidos → 175,528 após filtro de sanidade
2026-03-21 21:31:46 [INFO]     ✓ 175,528 registros inseridos
2026-03-21 21:31:46 [INFO]   Carregando contratos_2026_01.parquet (202601)...
2026-03-21 21:31:46 [INFO]     146,088 lidos → 146,088 após filtro de sanidade
2026-03-21 21:32:24 [INFO]     ✓ 146,088 registros inseridos
2026-03-21 21:32:24 [INFO]   Carregando contratos_2026_02.parquet (202602)...
2026-03-21 21:32:24 [INFO]     177,845 lidos → 177,845 após filtro de sanidade
2026-03-21 21:33:10 [INFO]     ✓ 177,845 registros inseridos
2026-03-21 21:33:10 [INFO]   Carregando contratos_2026_03.parquet (202603)...
2026-03-21 21:33:10 [INFO]     151,923 lidos → 151,923 após filtro de sanidade
2026-03-21 21:33:49 [INFO]     ✓ 151,923 registros inseridos
2026-03-21 21:33:49 [INFO] ============================================================
2026-03-21 21:33:49 [INFO] Total inserido na fato : 3,723,474 registros
2026-03-21 21:33:49 [INFO] Carga concluída sem erros.
2026-03-21 21:33:49 [INFO] ============================================================
