2026-03-21 21:06:24 [INFO] ============================================================
2026-03-21 21:06:24 [INFO] SILVER — TRATAMENTO E CONVERSÃO PARA PARQUET
2026-03-21 21:06:24 [INFO] ============================================================
2026-03-21 21:06:24 [INFO] Meses a tratar: 63
2026-03-21 21:06:24 [INFO] --- 2021/01 (1/63) ---
2026-03-21 21:06:24 [WARNING] 2021/01: nenhum JSON encontrado em data/raw/2021_01
2026-03-21 21:06:24 [INFO] 2021/01: sem dados para tratar
2026-03-21 21:06:24 [INFO] --- 2021/02 (2/63) ---
2026-03-21 21:06:24 [WARNING] 2021/02: nenhum JSON encontrado em data/raw/2021_02
2026-03-21 21:06:24 [INFO] 2021/02: sem dados para tratar
2026-03-21 21:06:24 [INFO] --- 2021/03 (3/63) ---
2026-03-21 21:06:24 [WARNING] 2021/03: nenhum JSON encontrado em data/raw/2021_03
2026-03-21 21:06:24 [INFO] 2021/03: sem dados para tratar
2026-03-21 21:06:24 [INFO] --- 2021/04 (4/63) ---
2026-03-21 21:06:24 [WARNING] 2021/04: nenhum JSON encontrado em data/raw/2021_04
2026-03-21 21:06:24 [INFO] 2021/04: sem dados para tratar
2026-03-21 21:06:24 [INFO] --- 2021/05 (5/63) ---
2026-03-21 21:06:24 [WARNING] 2021/05: nenhum JSON encontrado em data/raw/2021_05
2026-03-21 21:06:24 [INFO] 2021/05: sem dados para tratar
2026-03-21 21:06:24 [INFO] --- 2021/06 (6/63) ---
2026-03-21 21:06:24 [WARNING] 2021/06: nenhum JSON encontrado em data/raw/2021_06
2026-03-21 21:06:24 [INFO] 2021/06: sem dados para tratar
2026-03-21 21:06:24 [INFO] --- 2021/07 (7/63) ---
2026-03-21 21:06:24 [WARNING] 2021/07: nenhum JSON encontrado em data/raw/2021_07
2026-03-21 21:06:24 [INFO] 2021/07: sem dados para tratar
2026-03-21 21:06:24 [INFO] --- 2021/08 (8/63) ---
2026-03-21 21:06:24 [WARNING] 2021/08: nenhum JSON encontrado em data/raw/2021_08
2026-03-21 21:06:24 [INFO] 2021/08: sem dados para tratar
2026-03-21 21:06:24 [INFO] --- 2021/09 (9/63) ---
2026-03-21 21:06:24 [INFO] 2021/09: 281 registros brutos lidos
2026-03-21 21:06:24 [INFO] 2021/09: nulos por coluna (%):
  cnpj_contratada: 0.4%
2026-03-21 21:06:24 [INFO] ✓ 2021/09: 281 registros → data/silver/contratos_2021_09.parquet
2026-03-21 21:06:24 [INFO] --- 2021/10 (10/63) ---
2026-03-21 21:06:25 [INFO] 2021/10: 1,071 registros brutos lidos
2026-03-21 21:06:25 [INFO] 2021/10: nulos por coluna (%):
  cnpj_contratada: 0.5%
2026-03-21 21:06:25 [INFO] ✓ 2021/10: 1,071 registros → data/silver/contratos_2021_10.parquet
2026-03-21 21:06:25 [INFO] --- 2021/11 (11/63) ---
2026-03-21 21:06:25 [INFO] 2021/11: 1,563 registros brutos lidos
2026-03-21 21:06:25 [INFO] 2021/11: nulos por coluna (%):
  cnpj_contratada: 0.1%
2026-03-21 21:06:25 [INFO] ✓ 2021/11: 1,563 registros → data/silver/contratos_2021_11.parquet
2026-03-21 21:06:25 [INFO] --- 2021/12 (12/63) ---
2026-03-21 21:06:25 [INFO] 2021/12: 2,393 registros brutos lidos
2026-03-21 21:06:25 [INFO] 2021/12: nulos por coluna (%):
  cnpj_contratada: 0.6%
2026-03-21 21:06:25 [INFO] ✓ 2021/12: 2,393 registros → data/silver/contratos_2021_12.parquet
2026-03-21 21:06:25 [INFO] --- 2022/01 (13/63) ---
2026-03-21 21:06:25 [INFO] 2022/01: 203 registros brutos lidos
2026-03-21 21:06:25 [INFO] ✓ 2022/01: 203 registros → data/silver/contratos_2022_01.parquet
2026-03-21 21:06:25 [INFO] --- 2022/02 (14/63) ---
2026-03-21 21:06:25 [INFO] 2022/02: 536 registros brutos lidos
2026-03-21 21:06:25 [INFO] 2022/02: nulos por coluna (%):
  cnpj_contratada: 3.0%
2026-03-21 21:06:25 [INFO] ✓ 2022/02: 536 registros → data/silver/contratos_2022_02.parquet
2026-03-21 21:06:25 [INFO] --- 2022/03 (15/63) ---
2026-03-21 21:06:25 [INFO] 2022/03: 1,072 registros brutos lidos
2026-03-21 21:06:25 [INFO] 2022/03: nulos por coluna (%):
  cnpj_contratada: 0.8%
2026-03-21 21:06:25 [INFO] ✓ 2022/03: 1,072 registros → data/silver/contratos_2022_03.parquet
2026-03-21 21:06:25 [INFO] --- 2022/04 (16/63) ---
2026-03-21 21:06:25 [INFO] 2022/04: 1,881 registros brutos lidos
2026-03-21 21:06:25 [INFO] 2022/04: nulos por coluna (%):
  cnpj_contratada: 0.4%
2026-03-21 21:06:25 [INFO] ✓ 2022/04: 1,881 registros → data/silver/contratos_2022_04.parquet
2026-03-21 21:06:25 [INFO] --- 2022/05 (17/63) ---
2026-03-21 21:06:25 [INFO] 2022/05: 2,392 registros brutos lidos
2026-03-21 21:06:25 [INFO] 2022/05: nulos por coluna (%):
  cnpj_contratada: 3.6%
2026-03-21 21:06:25 [INFO] ✓ 2022/05: 2,392 registros → data/silver/contratos_2022_05.parquet
2026-03-21 21:06:25 [INFO] --- 2022/06 (18/63) ---
2026-03-21 21:06:25 [INFO] 2022/06: 3,538 registros brutos lidos
2026-03-21 21:06:25 [INFO] 2022/06: nulos por coluna (%):
  cnpj_contratada: 2.7%
2026-03-21 21:06:25 [INFO] ✓ 2022/06: 3,538 registros → data/silver/contratos_2022_06.parquet
2026-03-21 21:06:25 [INFO] --- 2022/07 (19/63) ---
2026-03-21 21:06:25 [INFO] 2022/07: 3,679 registros brutos lidos
2026-03-21 21:06:25 [INFO] 2022/07: nulos por coluna (%):
  cnpj_contratada: 0.9%
2026-03-21 21:06:25 [INFO] ✓ 2022/07: 3,679 registros → data/silver/contratos_2022_07.parquet
2026-03-21 21:06:25 [INFO] --- 2022/08 (20/63) ---
2026-03-21 21:06:25 [INFO] 2022/08: 4,665 registros brutos lidos
2026-03-21 21:06:25 [INFO] 2022/08: nulos por coluna (%):
  cnpj_contratada: 3.3%
2026-03-21 21:06:26 [INFO] ✓ 2022/08: 4,665 registros → data/silver/contratos_2022_08.parquet
2026-03-21 21:06:26 [INFO] --- 2022/09 (21/63) ---
2026-03-21 21:06:26 [INFO] 2022/09: 5,733 registros brutos lidos
2026-03-21 21:06:26 [INFO] 2022/09: nulos por coluna (%):
  cnpj_contratada: 1.7%
2026-03-21 21:06:26 [INFO] ✓ 2022/09: 5,733 registros → data/silver/contratos_2022_09.parquet
2026-03-21 21:06:26 [INFO] --- 2022/10 (22/63) ---
2026-03-21 21:06:26 [INFO] 2022/10: 4,570 registros brutos lidos
2026-03-21 21:06:26 [INFO] 2022/10: nulos por coluna (%):
  cnpj_contratada: 1.8%
2026-03-21 21:06:26 [INFO] ✓ 2022/10: 4,570 registros → data/silver/contratos_2022_10.parquet
2026-03-21 21:06:26 [INFO] --- 2022/11 (23/63) ---
2026-03-21 21:06:26 [INFO] 2022/11: 5,387 registros brutos lidos
2026-03-21 21:06:26 [INFO] 2022/11: nulos por coluna (%):
  cnpj_contratada: 2.5%
2026-03-21 21:06:26 [INFO] ✓ 2022/11: 5,387 registros → data/silver/contratos_2022_11.parquet
2026-03-21 21:06:26 [INFO] --- 2022/12 (24/63) ---
2026-03-21 21:06:26 [INFO] 2022/12: 6,991 registros brutos lidos
2026-03-21 21:06:26 [INFO] 2022/12: nulos por coluna (%):
  cnpj_contratada: 21.5%
2026-03-21 21:06:26 [WARNING] 2022/12: 1 registros removidos (valor_global > R$ 10,000,000,000)
2026-03-21 21:06:26 [INFO] ✓ 2022/12: 6,990 registros → data/silver/contratos_2022_12.parquet
2026-03-21 21:06:26 [INFO] --- 2023/01 (25/63) ---
2026-03-21 21:06:26 [INFO] 2023/01: 3,343 registros brutos lidos
2026-03-21 21:06:26 [INFO] 2023/01: nulos por coluna (%):
  cnpj_contratada: 46.2%
2026-03-21 21:06:27 [INFO] ✓ 2023/01: 3,343 registros → data/silver/contratos_2023_01.parquet
2026-03-21 21:06:27 [INFO] --- 2023/02 (26/63) ---
2026-03-21 21:06:27 [INFO] 2023/02: 3,287 registros brutos lidos
2026-03-21 21:06:27 [INFO] 2023/02: nulos por coluna (%):
  cnpj_contratada: 14.4%
2026-03-21 21:06:27 [INFO] ✓ 2023/02: 3,287 registros → data/silver/contratos_2023_02.parquet
2026-03-21 21:06:27 [INFO] --- 2023/03 (27/63) ---
2026-03-21 21:06:27 [INFO] 2023/03: 5,530 registros brutos lidos
2026-03-21 21:06:27 [INFO] 2023/03: nulos por coluna (%):
  cnpj_contratada: 5.8%
2026-03-21 21:06:27 [INFO] ✓ 2023/03: 5,530 registros → data/silver/contratos_2023_03.parquet
2026-03-21 21:06:27 [INFO] --- 2023/04 (28/63) ---
2026-03-21 21:06:27 [INFO] 2023/04: 7,226 registros brutos lidos
2026-03-21 21:06:27 [INFO] 2023/04: nulos por coluna (%):
  cnpj_contratada: 12.6%
2026-03-21 21:06:27 [INFO] ✓ 2023/04: 7,226 registros → data/silver/contratos_2023_04.parquet
2026-03-21 21:06:27 [INFO] --- 2023/05 (29/63) ---
2026-03-21 21:06:28 [INFO] 2023/05: 32,295 registros brutos lidos
2026-03-21 21:06:28 [INFO] 2023/05: nulos por coluna (%):
  cnpj_contratada: 10.2%
2026-03-21 21:06:28 [INFO] ✓ 2023/05: 32,295 registros → data/silver/contratos_2023_05.parquet
2026-03-21 21:06:28 [INFO] --- 2023/06 (30/63) ---
2026-03-21 21:06:29 [INFO] 2023/06: 21,217 registros brutos lidos
2026-03-21 21:06:29 [INFO] 2023/06: nulos por coluna (%):
  cnpj_contratada: 5.8%
2026-03-21 21:06:29 [INFO] ✓ 2023/06: 21,217 registros → data/silver/contratos_2023_06.parquet
2026-03-21 21:06:29 [INFO] --- 2023/07 (31/63) ---
2026-03-21 21:06:30 [INFO] 2023/07: 24,119 registros brutos lidos
2026-03-21 21:06:30 [INFO] 2023/07: nulos por coluna (%):
  cnpj_contratada: 7.0%
2026-03-21 21:06:30 [WARNING] 2023/07: 1 registros removidos (valor_global > R$ 10,000,000,000)
2026-03-21 21:06:30 [INFO] ✓ 2023/07: 24,118 registros → data/silver/contratos_2023_07.parquet
2026-03-21 21:06:30 [INFO] --- 2023/08 (32/63) ---
2026-03-21 21:06:31 [INFO] 2023/08: 30,859 registros brutos lidos
2026-03-21 21:06:31 [INFO] 2023/08: nulos por coluna (%):
  cnpj_contratada: 6.3%
2026-03-21 21:06:31 [INFO] ✓ 2023/08: 30,859 registros → data/silver/contratos_2023_08.parquet
2026-03-21 21:06:31 [INFO] --- 2023/09 (33/63) ---
2026-03-21 21:06:31 [INFO] 2023/09: 25,752 registros brutos lidos
2026-03-21 21:06:31 [INFO] 2023/09: nulos por coluna (%):
  cnpj_contratada: 4.7%
2026-03-21 21:06:32 [INFO] ✓ 2023/09: 25,752 registros → data/silver/contratos_2023_09.parquet
2026-03-21 21:06:32 [INFO] --- 2023/10 (34/63) ---
2026-03-21 21:06:32 [INFO] 2023/10: 27,185 registros brutos lidos
2026-03-21 21:06:32 [INFO] 2023/10: nulos por coluna (%):
  cnpj_contratada: 2.1%
2026-03-21 21:06:32 [INFO] ✓ 2023/10: 27,185 registros → data/silver/contratos_2023_10.parquet
2026-03-21 21:06:32 [INFO] --- 2023/11 (35/63) ---
2026-03-21 21:06:33 [INFO] 2023/11: 31,160 registros brutos lidos
2026-03-21 21:06:33 [INFO] 2023/11: nulos por coluna (%):
  cnpj_contratada: 2.9%
2026-03-21 21:06:33 [WARNING] 2023/11: 1 registros removidos (valor_global > R$ 10,000,000,000)
2026-03-21 21:06:33 [INFO] ✓ 2023/11: 31,159 registros → data/silver/contratos_2023_11.parquet
2026-03-21 21:06:33 [INFO] --- 2023/12 (36/63) ---
2026-03-21 21:06:34 [INFO] 2023/12: 31,000 registros brutos lidos
2026-03-21 21:06:34 [INFO] 2023/12: nulos por coluna (%):
  cnpj_contratada: 4.0%
2026-03-21 21:06:34 [INFO] ✓ 2023/12: 31,000 registros → data/silver/contratos_2023_12.parquet
2026-03-21 21:06:34 [INFO] --- 2024/01 (37/63) ---
2026-03-21 21:06:35 [INFO] 2024/01: 35,911 registros brutos lidos
2026-03-21 21:06:35 [INFO] 2024/01: nulos por coluna (%):
  cnpj_contratada: 1.7%
2026-03-21 21:06:36 [INFO] ✓ 2024/01: 35,911 registros → data/silver/contratos_2024_01.parquet
2026-03-21 21:06:36 [INFO] --- 2024/02 (38/63) ---
2026-03-21 21:06:37 [INFO] 2024/02: 54,150 registros brutos lidos
2026-03-21 21:06:37 [INFO] 2024/02: nulos por coluna (%):
  cnpj_contratada: 3.3%
2026-03-21 21:06:37 [INFO] ✓ 2024/02: 54,150 registros → data/silver/contratos_2024_02.parquet
2026-03-21 21:06:37 [INFO] --- 2024/03 (39/63) ---
2026-03-21 21:06:39 [INFO] 2024/03: 65,222 registros brutos lidos
2026-03-21 21:06:39 [INFO] 2024/03: nulos por coluna (%):
  cnpj_contratada: 4.7%
2026-03-21 21:06:39 [WARNING] 2024/03: 3 registros removidos (valor_global > R$ 10,000,000,000)
2026-03-21 21:06:40 [INFO] ✓ 2024/03: 65,219 registros → data/silver/contratos_2024_03.parquet
2026-03-21 21:06:40 [INFO] --- 2024/04 (40/63) ---
2026-03-21 21:06:42 [INFO] 2024/04: 80,663 registros brutos lidos
2026-03-21 21:06:42 [INFO] 2024/04: nulos por coluna (%):
  cnpj_contratada: 4.3%
2026-03-21 21:06:42 [WARNING] 2024/04: 3 registros removidos (valor_global > R$ 10,000,000,000)
2026-03-21 21:06:42 [INFO] ✓ 2024/04: 80,660 registros → data/silver/contratos_2024_04.parquet
2026-03-21 21:06:42 [INFO] --- 2024/05 (41/63) ---
2026-03-21 21:06:45 [INFO] 2024/05: 75,023 registros brutos lidos
2026-03-21 21:06:45 [INFO] 2024/05: nulos por coluna (%):
  cnpj_contratada: 4.8%
2026-03-21 21:06:45 [WARNING] 2024/05: 5 registros removidos (valor_global > R$ 10,000,000,000)
2026-03-21 21:06:45 [INFO] ✓ 2024/05: 75,018 registros → data/silver/contratos_2024_05.parquet
2026-03-21 21:06:45 [INFO] --- 2024/06 (42/63) ---
2026-03-21 21:06:48 [INFO] 2024/06: 102,265 registros brutos lidos
2026-03-21 21:06:48 [INFO] 2024/06: nulos por coluna (%):
  cnpj_contratada: 4.1%
2026-03-21 21:06:48 [WARNING] 2024/06: 1 registros removidos (valor_global > R$ 10,000,000,000)
2026-03-21 21:06:48 [INFO] ✓ 2024/06: 102,264 registros → data/silver/contratos_2024_06.parquet
2026-03-21 21:06:48 [INFO] --- 2024/07 (43/63) ---
2026-03-21 21:06:52 [INFO] 2024/07: 107,685 registros brutos lidos
2026-03-21 21:06:52 [INFO] 2024/07: nulos por coluna (%):
  cnpj_contratada: 4.0%
2026-03-21 21:06:52 [WARNING] 2024/07: 1 registros removidos (valor_global > R$ 10,000,000,000)
2026-03-21 21:06:52 [INFO] ✓ 2024/07: 107,684 registros → data/silver/contratos_2024_07.parquet
2026-03-21 21:06:52 [INFO] --- 2024/08 (44/63) ---
2026-03-21 21:06:55 [INFO] 2024/08: 109,178 registros brutos lidos
2026-03-21 21:06:55 [INFO] 2024/08: nulos por coluna (%):
  cnpj_contratada: 4.5%
2026-03-21 21:06:55 [WARNING] 2024/08: 1 registros removidos (valor_global > R$ 10,000,000,000)
2026-03-21 21:06:56 [INFO] ✓ 2024/08: 109,177 registros → data/silver/contratos_2024_08.parquet
2026-03-21 21:06:56 [INFO] --- 2024/09 (45/63) ---
2026-03-21 21:07:00 [INFO] 2024/09: 122,671 registros brutos lidos
2026-03-21 21:07:00 [INFO] 2024/09: nulos por coluna (%):
  cnpj_contratada: 4.0%
2026-03-21 21:07:00 [WARNING] 2024/09: 3 registros removidos (valor_global > R$ 10,000,000,000)
2026-03-21 21:07:00 [INFO] ✓ 2024/09: 122,668 registros → data/silver/contratos_2024_09.parquet
2026-03-21 21:07:00 [INFO] --- 2024/10 (46/63) ---
2026-03-21 21:07:04 [INFO] 2024/10: 123,020 registros brutos lidos
2026-03-21 21:07:04 [INFO] 2024/10: nulos por coluna (%):
  cnpj_contratada: 2.8%
2026-03-21 21:07:04 [WARNING] 2024/10: 1 registros removidos (valor_global > R$ 10,000,000,000)
2026-03-21 21:07:04 [INFO] ✓ 2024/10: 123,019 registros → data/silver/contratos_2024_10.parquet
2026-03-21 21:07:04 [INFO] --- 2024/11 (47/63) ---
2026-03-21 21:07:08 [INFO] 2024/11: 115,040 registros brutos lidos
2026-03-21 21:07:08 [INFO] 2024/11: nulos por coluna (%):
  cnpj_contratada: 2.5%
2026-03-21 21:07:08 [INFO] ✓ 2024/11: 115,040 registros → data/silver/contratos_2024_11.parquet
2026-03-21 21:07:08 [INFO] --- 2024/12 (48/63) ---
2026-03-21 21:07:11 [INFO] 2024/12: 96,517 registros brutos lidos
2026-03-21 21:07:11 [INFO] 2024/12: nulos por coluna (%):
  cnpj_contratada: 3.0%
2026-03-21 21:07:11 [WARNING] 2024/12: 1 registros removidos (valor_global > R$ 10,000,000,000)
2026-03-21 21:07:12 [INFO] ✓ 2024/12: 96,516 registros → data/silver/contratos_2024_12.parquet
2026-03-21 21:07:12 [INFO] --- 2025/01 (49/63) ---
2026-03-21 21:07:15 [INFO] 2025/01: 116,241 registros brutos lidos
2026-03-21 21:07:15 [INFO] 2025/01: nulos por coluna (%):
  cnpj_contratada: 2.8%
2026-03-21 21:07:15 [WARNING] 2025/01: 22 registros removidos (valor_global > R$ 10,000,000,000)
2026-03-21 21:07:16 [INFO] ✓ 2025/01: 116,219 registros → data/silver/contratos_2025_01.parquet
2026-03-21 21:07:16 [INFO] --- 2025/02 (50/63) ---
2026-03-21 21:07:20 [INFO] 2025/02: 152,504 registros brutos lidos
2026-03-21 21:07:20 [INFO] 2025/02: nulos por coluna (%):
  cnpj_contratada: 5.8%
2026-03-21 21:07:20 [WARNING] 2025/02: 4 registros removidos (valor_global > R$ 10,000,000,000)
2026-03-21 21:07:21 [INFO] ✓ 2025/02: 152,500 registros → data/silver/contratos_2025_02.parquet
2026-03-21 21:07:21 [INFO] --- 2025/03 (51/63) ---
2026-03-21 21:07:25 [INFO] 2025/03: 144,149 registros brutos lidos
2026-03-21 21:07:25 [INFO] 2025/03: nulos por coluna (%):
  cnpj_contratada: 4.8%
2026-03-21 21:07:25 [WARNING] 2025/03: 7 registros removidos (valor_global > R$ 10,000,000,000)
2026-03-21 21:07:26 [INFO] ✓ 2025/03: 144,142 registros → data/silver/contratos_2025_03.parquet
2026-03-21 21:07:26 [INFO] --- 2025/04 (52/63) ---
2026-03-21 21:07:31 [INFO] 2025/04: 165,753 registros brutos lidos
2026-03-21 21:07:31 [INFO] 2025/04: nulos por coluna (%):
  cnpj_contratada: 5.0%
2026-03-21 21:07:31 [WARNING] 2025/04: 8 registros removidos (valor_global > R$ 10,000,000,000)
2026-03-21 21:07:32 [INFO] ✓ 2025/04: 165,745 registros → data/silver/contratos_2025_04.parquet
2026-03-21 21:07:32 [INFO] --- 2025/05 (53/63) ---
2026-03-21 21:07:37 [INFO] 2025/05: 165,648 registros brutos lidos
2026-03-21 21:07:37 [INFO] 2025/05: nulos por coluna (%):
  cnpj_contratada: 4.8%
2026-03-21 21:07:37 [WARNING] 2025/05: 2 registros removidos (valor_global > R$ 10,000,000,000)
2026-03-21 21:07:38 [INFO] ✓ 2025/05: 165,646 registros → data/silver/contratos_2025_05.parquet
2026-03-21 21:07:38 [INFO] --- 2025/06 (54/63) ---
2026-03-21 21:07:42 [INFO] 2025/06: 157,666 registros brutos lidos
2026-03-21 21:07:42 [INFO] 2025/06: nulos por coluna (%):
  cnpj_contratada: 4.4%
2026-03-21 21:07:43 [WARNING] 2025/06: 3 registros removidos (valor_global > R$ 10,000,000,000)
2026-03-21 21:07:43 [INFO] ✓ 2025/06: 157,663 registros → data/silver/contratos_2025_06.parquet
2026-03-21 21:07:43 [INFO] --- 2025/07 (55/63) ---
2026-03-21 21:07:49 [INFO] 2025/07: 184,193 registros brutos lidos
2026-03-21 21:07:49 [INFO] 2025/07: nulos por coluna (%):
  cnpj_contratada: 4.2%
2026-03-21 21:07:49 [WARNING] 2025/07: 2 registros removidos (valor_global > R$ 10,000,000,000)
2026-03-21 21:07:50 [INFO] ✓ 2025/07: 184,191 registros → data/silver/contratos_2025_07.parquet
2026-03-21 21:07:50 [INFO] --- 2025/08 (56/63) ---
2026-03-21 21:07:55 [INFO] 2025/08: 182,343 registros brutos lidos
2026-03-21 21:07:55 [INFO] 2025/08: nulos por coluna (%):
  cnpj_contratada: 3.9%
2026-03-21 21:07:56 [WARNING] 2025/08: 2 registros removidos (valor_global > R$ 10,000,000,000)
2026-03-21 21:07:56 [INFO] ✓ 2025/08: 182,341 registros → data/silver/contratos_2025_08.parquet
2026-03-21 21:07:56 [INFO] --- 2025/09 (57/63) ---
2026-03-21 21:08:02 [INFO] 2025/09: 197,626 registros brutos lidos
2026-03-21 21:08:02 [INFO] 2025/09: nulos por coluna (%):
  cnpj_contratada: 4.2%
2026-03-21 21:08:02 [WARNING] 2025/09: 2 registros removidos (valor_global > R$ 10,000,000,000)
2026-03-21 21:08:03 [INFO] ✓ 2025/09: 197,624 registros → data/silver/contratos_2025_09.parquet
2026-03-21 21:08:03 [INFO] --- 2025/10 (58/63) ---
2026-03-21 21:08:05 [INFO] 2025/10: 49,000 registros brutos lidos
2026-03-21 21:08:05 [INFO] 2025/10: nulos por coluna (%):
  cnpj_contratada: 3.1%
2026-03-21 21:08:05 [INFO] ✓ 2025/10: 49,000 registros → data/silver/contratos_2025_10.parquet
2026-03-21 21:08:05 [INFO] --- 2025/11 (59/63) ---
2026-03-21 21:08:10 [INFO] 2025/11: 180,770 registros brutos lidos
2026-03-21 21:08:10 [INFO] 2025/11: nulos por coluna (%):
  cnpj_contratada: 2.8%
2026-03-21 21:08:11 [WARNING] 2025/11: 2 registros removidos (valor_global > R$ 10,000,000,000)
2026-03-21 21:08:11 [INFO] ✓ 2025/11: 180,768 registros → data/silver/contratos_2025_11.parquet
2026-03-21 21:08:11 [INFO] --- 2025/12 (60/63) ---
2026-03-21 21:08:17 [INFO] 2025/12: 175,531 registros brutos lidos
2026-03-21 21:08:17 [INFO] 2025/12: nulos por coluna (%):
  cnpj_contratada: 3.0%
2026-03-21 21:08:17 [WARNING] 2025/12: 3 registros removidos (valor_global > R$ 10,000,000,000)
2026-03-21 21:08:18 [INFO] ✓ 2025/12: 175,528 registros → data/silver/contratos_2025_12.parquet
2026-03-21 21:08:18 [INFO] --- 2026/01 (61/63) ---
2026-03-21 21:08:22 [INFO] 2026/01: 146,092 registros brutos lidos
2026-03-21 21:08:22 [INFO] 2026/01: nulos por coluna (%):
  cnpj_contratada: 3.5%
2026-03-21 21:08:22 [WARNING] 2026/01: 4 registros removidos (valor_global > R$ 10,000,000,000)
2026-03-21 21:08:23 [INFO] ✓ 2026/01: 146,088 registros → data/silver/contratos_2026_01.parquet
2026-03-21 21:08:23 [INFO] --- 2026/02 (62/63) ---
2026-03-21 21:08:28 [INFO] 2026/02: 177,845 registros brutos lidos
2026-03-21 21:08:28 [INFO] 2026/02: nulos por coluna (%):
  cnpj_contratada: 3.4%
2026-03-21 21:08:29 [INFO] ✓ 2026/02: 177,845 registros → data/silver/contratos_2026_02.parquet
2026-03-21 21:08:29 [INFO] --- 2026/03 (63/63) ---
2026-03-21 21:08:33 [INFO] 2026/03: 151,923 registros brutos lidos
2026-03-21 21:08:33 [INFO] 2026/03: nulos por coluna (%):
  cnpj_contratada: 4.3%
2026-03-21 21:08:34 [INFO] ✓ 2026/03: 151,923 registros → data/silver/contratos_2026_03.parquet
2026-03-21 21:08:34 [INFO] ============================================================
2026-03-21 21:08:34 [INFO] Meses tratados     : 63
2026-03-21 21:08:34 [INFO] Total de registros : 3,723,474
2026-03-21 21:08:34 [INFO] ============================================================
2026-03-21 21:11:14 [INFO] ============================================================
2026-03-21 21:11:14 [INFO] SILVER — TRATAMENTO E CONVERSÃO PARA PARQUET
2026-03-21 21:11:14 [INFO] ============================================================
2026-03-21 21:11:14 [INFO] Meses a tratar: 8
2026-03-21 21:11:14 [INFO] --- 2021/01 (1/8) ---
2026-03-21 21:11:14 [WARNING] 2021/01: nenhum JSON encontrado em data/raw/2021_01
2026-03-21 21:11:14 [INFO] 2021/01: sem dados para tratar
2026-03-21 21:11:14 [INFO] --- 2021/02 (2/8) ---
2026-03-21 21:11:14 [WARNING] 2021/02: nenhum JSON encontrado em data/raw/2021_02
2026-03-21 21:11:14 [INFO] 2021/02: sem dados para tratar
2026-03-21 21:11:14 [INFO] --- 2021/03 (3/8) ---
2026-03-21 21:11:14 [WARNING] 2021/03: nenhum JSON encontrado em data/raw/2021_03
2026-03-21 21:11:14 [INFO] 2021/03: sem dados para tratar
2026-03-21 21:11:14 [INFO] --- 2021/04 (4/8) ---
2026-03-21 21:11:14 [WARNING] 2021/04: nenhum JSON encontrado em data/raw/2021_04
2026-03-21 21:11:14 [INFO] 2021/04: sem dados para tratar
2026-03-21 21:11:14 [INFO] --- 2021/05 (5/8) ---
2026-03-21 21:11:14 [WARNING] 2021/05: nenhum JSON encontrado em data/raw/2021_05
2026-03-21 21:11:14 [INFO] 2021/05: sem dados para tratar
2026-03-21 21:11:14 [INFO] --- 2021/06 (6/8) ---
2026-03-21 21:11:14 [WARNING] 2021/06: nenhum JSON encontrado em data/raw/2021_06
2026-03-21 21:11:14 [INFO] 2021/06: sem dados para tratar
2026-03-21 21:11:14 [INFO] --- 2021/07 (7/8) ---
2026-03-21 21:11:14 [WARNING] 2021/07: nenhum JSON encontrado em data/raw/2021_07
2026-03-21 21:11:14 [INFO] 2021/07: sem dados para tratar
2026-03-21 21:11:14 [INFO] --- 2021/08 (8/8) ---
2026-03-21 21:11:14 [WARNING] 2021/08: nenhum JSON encontrado em data/raw/2021_08
2026-03-21 21:11:14 [INFO] 2021/08: sem dados para tratar
2026-03-21 21:11:14 [INFO] ============================================================
2026-03-21 21:11:14 [INFO] Meses tratados     : 8
2026-03-21 21:11:14 [INFO] Total de registros : 0
2026-03-21 21:11:14 [INFO] ============================================================
2026-03-21 21:11:14 [INFO] Gerando relatório de qualidade...
2026-03-21 21:11:20 [INFO] ✓ Relatório salvo em data/graficos/relatorio_qualidade.txt
2026-03-21 21:11:21 [INFO] Carregando 55 arquivos para gráficos...
2026-03-21 21:11:23 [INFO] Total carregado: 3,650,850 registros
2026-03-21 21:11:23 [INFO] Gerando gráfico 1: boxplot por ano...
2026-03-21 21:11:23 [INFO]   ✓ 01_boxplot_anos.png
2026-03-21 21:11:23 [INFO] Gerando gráfico 2: histograma...
2026-03-21 21:11:24 [INFO]   ✓ 02_histograma.png
2026-03-21 21:11:24 [INFO] Gerando gráfico 3: top fornecedores...
2026-03-21 21:11:25 [INFO]   ✓ 03_top_fornecedores.png
2026-03-21 21:11:25 [INFO] Gerando gráfico 4: série temporal...
2026-03-21 21:11:25 [INFO]   ✓ 04_serie_temporal.png
2026-03-21 21:11:25 [INFO] Gerando gráfico 5: heatmap de correlações...
2026-03-21 21:11:26 [INFO]   ✓ 05_correlacoes.png
2026-03-21 21:11:26 [INFO] ✓ Markdown gerado: data/graficos/graficos_silver.md
